Folks - this fails to build. Please identify which change caused the build error and once this is identified, I will reset the other changes.
thanks,
-tom

Automated verification of the following changes has completed with status: error.

Details are at http://commander.qualcomm.com/commander/jobDetails.php?jobId=686835
Gerrit changes are:

git pull git://git-android.quicinc.com/kernel/msm refs/changes/26/31026/4
git pull git://git-android.quicinc.com/kernel/msm refs/changes/29/32329/1
git pull git://git-android.quicinc.com/platform/external/webkit refs/changes/04/30704/5
git pull git://git-android.quicinc.com/platform/frameworks/base refs/changes/05/30705/6
git pull git://git-android.quicinc.com/platform/hardware/msm7k refs/changes/89/31989/5
git pull git://git-android.quicinc.com/platform/packages/apps/Browser refs/changes/03/30703/2
git pull git://git-android.quicinc.com/platform/vendor/qcom-proprietary/mediaflo refs/changes/31/32331/1
git pull git://git-android.quicinc.com/platform/vendor/qcom-proprietary/qcril refs/changes/43/32243/3

   Failure message:

The job failed to build for target qsd8250_surf at make.
Logs are here: https://commander.qualcomm.com:443/commander/workspaceFile.php?jobStepId=15481758&fileName=make.15481758.log

target SharedLib: libstagefright_omx (out/target/product/qsd8250_surf/obj/SHARED_LIBRARIES/libstagefright_omx_intermediates/LINKED/libstagefright_omx.so)
target SharedLib: libopencore_net_support (out/target/product/qsd8250_surf/obj/SHARED_LIBRARIES/libopencore_net_support_intermediates/LINKED/libopencore_net_support.so)
target SharedLib: libopencore_author (out/target/product/qsd8250_surf/obj/SHARED_LIBRARIES/libopencore_author_intermediates/LINKED/libopencore_author.so)
target SharedLib: libomx_sharedlibrary (out/target/product/qsd8250_surf/obj/SHARED_LIBRARIES/libomx_sharedlibrary_intermediates/LINKED/libomx_sharedlibrary.so)
target Prelink: libstagefright_omx (out/target/product/qsd8250_surf/symbols/system/lib/libstagefright_omx.so)
target Prelink: libomx_sharedlibrary (out/target/product/qsd8250_surf/symbols/system/lib/libomx_sharedlibrary.so)
libelfcopy: Warning: Range lists in .debug_info section aren't in ascending order!
libelfcopy: Warning: Range lists in .debug_ranges section start at 0xf90
libelfcopy: Warning: Range lists in .debug_info section aren't in ascending order!
libelfcopy: Warning: Range lists in .debug_ranges section start at 0x330
target Strip: libstagefright_omx (out/target/product/qsd8250_surf/obj/lib/libstagefright_omx.so)
target Strip: libomx_sharedlibrary (out/target/product/qsd8250_surf/obj/lib/libomx_sharedlibrary.so)
target Prelink: libopencore_net_support (out/target/product/qsd8250_surf/symbols/system/lib/libopencore_net_support.so)
frameworks/base/core/java/android/webkit/WebView.java:1292: cannot find symbol
symbol  : variable START_DNS_PREFETCH
location: class android.webkit.WebViewCore.EventHub
        mWebViewCore.sendMessage(EventHub.START_DNS_PREFETCH);
                                         ^
libelfcopy: Warning: Range lists in .debug_info section aren't in ascending order!
libelfcopy: Warning: Range lists in .debug_ranges section start at 0x4100
target Strip: libopencore_net_support (out/target/product/qsd8250_surf/obj/lib/libopencore_net_support.so)
target Prelink: libopencore_author (out/target/product/qsd8250_surf/symbols/system/lib/libopencore_author.so)
Install: out/target/product/qsd8250_surf/system/bin/testid3
libelfcopy: Warning: Range lists in .debug_info section aren't in ascending order!
libelfcopy: Warning: Range lists in .debug_ranges section start at 0x30
target Strip: libopencore_author (out/target/product/qsd8250_surf/obj/lib/libopencore_author.so)
generating Main_*.java files reading from cts/tools/dx-tests writing to out/host/linux-x86/obj/EXECUTABLES/dx-tests_intermediates/mainfiles
using java src:cts/tools/dx-tests/src
Collecting all junit tests...
Install: out/target/product/qsd8250_surf/system/bin/omx_tests

Time: 0.027

OK (0 tests)

collected 2048 test methods in 216 junit test classes
Note: Some input files use or override a deprecated API.
Note: Recompile with -Xlint:deprecation for details.
Note: Some input files use unchecked or unsafe operations.
Note: Recompile with -Xlint:unchecked for details.
1 error
8 warnings
make: *** [out/target/common/obj/JAVA_LIBRARIES/framework_intermediates/classes-full-debug.jar] Error 41
make: *** Waiting for unfinished jobs....
warning: no javadoc found for method testVFE7 in dxc.junit.opcodes.areturn,Test_areturn
Exception in thread "main" java.lang.RuntimeException: failed to parse
	at util.CollectAllTests.parseTestMethod(CollectAllTests.java:421)
	at util.CollectAllTests.handleTests(CollectAllTests.java:206)
	at util.CollectAllTests.compose(CollectAllTests.java:135)
	at util.CollectAllTests.main(CollectAllTests.java:104)
Caused by: java.io.FileNotFoundException: cts/tools/dx-tests/src/dxc/junit/opcodes/ddiv/Test_ddiv.java (Too many open files)
	at java.io.FileInputStream.open(Native Method)
	at java.io.FileInputStream.<init>(FileInputStream.java:106)
	at java.io.FileReader.<init>(FileReader.java:55)
	at util.CollectAllTests.parseTestMethod(CollectAllTests.java:397)
	... 3 more
compile the Main_*.java files
acp: file 'out/host/linux-x86/obj/EXECUTABLES/dx-tests_intermediates/mainfiles/data/scriptdata' does not exist
dxconverter test suite sucessfully built!
intermediate Main_*.java files (for stacktrace analysis) can be found under out/host/linux-x86/obj/EXECUTABLES/dx-tests_intermediates/mainfiles
ERROR: make command exited w/ code 2

ERROR: command returned 2, exiting.

<response requestId="1">
